# JRE version: 7.0_10-b18
# Java VM: Java HotSpot(TM) 64-Bit Server VM (23.6-b04 mixed mode linux-amd64 compressed oops)
Heap
 PSYoungGen      total 18432K, used 17995K [0x00000000eb600000, 0x00000000eca90000, 0x0000000100000000)
  eden space 15808K, 97% used [0x00000000eb600000,0x00000000ec50a158,0x00000000ec570000)
  from space 2624K, 98% used [0x00000000ec570000,0x00000000ec7f8e00,0x00000000ec800000)
  to   space 2624K, 0% used [0x00000000ec800000,0x00000000ec800000,0x00000000eca90000)
 ParOldGen       total 42240K, used 3327K [0x00000000c2200000, 0x00000000c4b40000, 0x00000000eb600000)
  object space 42240K, 7% used [0x00000000c2200000,0x00000000c253ffc8,0x00000000c4b40000)
 PSPermGen       total 21248K, used 15734K [0x00000000bd000000, 0x00000000be4c0000, 0x00000000c2200000)
  object space 21248K, 74% used [0x00000000bd000000,0x00000000bdf5d978,0x00000000be4c0000)
GC Heap History (6 events):
Event: 4,563 GC heap before
{Heap before GC invocations=1 (full 0):
 PSYoungGen      total 18432K, used 15808K [0x00000000eb600000, 0x00000000eca90000, 0x0000000100000000)
  eden space 15808K, 100% used [0x00000000eb600000,0x00000000ec570000,0x00000000ec570000)
  from space 2624K, 0% used [0x00000000ec800000,0x00000000ec800000,0x00000000eca90000)
  to   space 2624K, 0% used [0x00000000ec570000,0x00000000ec570000,0x00000000ec800000)
 ParOldGen       total 42240K, used 0K [0x00000000c2200000, 0x00000000c4b40000, 0x00000000eb600000)
  object space 42240K, 0% used [0x00000000c2200000,0x00000000c2200000,0x00000000c4b40000)
 PSPermGen       total 21248K, used 13805K [0x00000000bd000000, 0x00000000be4c0000, 0x00000000c2200000)
  object space 21248K, 64% used [0x00000000bd000000,0x00000000bdd7b7e8,0x00000000be4c0000)
Event: 4,579 GC heap after
Heap after GC invocations=1 (full 0):
 PSYoungGen      total 18432K, used 2242K [0x00000000eb600000, 0x00000000eca90000, 0x0000000100000000)
  eden space 15808K, 0% used [0x00000000eb600000,0x00000000eb600000,0x00000000ec570000)
  from space 2624K, 85% used [0x00000000ec570000,0x00000000ec7a0830,0x00000000ec800000)
  to   space 2624K, 0% used [0x00000000ec800000,0x00000000ec800000,0x00000000eca90000)
 ParOldGen       total 42240K, used 2374K [0x00000000c2200000, 0x00000000c4b40000, 0x00000000eb600000)
  object space 42240K, 5% used [0x00000000c2200000,0x00000000c2451b68,0x00000000c4b40000)
 PSPermGen       total 21248K, used 13805K [0x00000000bd000000, 0x00000000be4c0000, 0x00000000c2200000)
  object space 21248K, 64% used [0x00000000bd000000,0x00000000bdd7b7e8,0x00000000be4c0000)
}
Event: 8,616 GC heap before
{Heap before GC invocations=2 (full 0):
 PSYoungGen      total 18432K, used 18050K [0x00000000eb600000, 0x00000000eca90000, 0x0000000100000000)
  eden space 15808K, 100% used [0x00000000eb600000,0x00000000ec570000,0x00000000ec570000)
  from space 2624K, 85% used [0x00000000ec570000,0x00000000ec7a0830,0x00000000ec800000)
  to   space 2624K, 0% used [0x00000000ec800000,0x00000000ec800000,0x00000000eca90000)
 ParOldGen       total 42240K, used 2374K [0x00000000c2200000, 0x00000000c4b40000, 0x00000000eb600000)
  object space 42240K, 5% used [0x00000000c2200000,0x00000000c2451b68,0x00000000c4b40000)
 PSPermGen       total 21248K, used 15191K [0x00000000bd000000, 0x00000000be4c0000, 0x00000000c2200000)
  object space 21248K, 71% used [0x00000000bd000000,0x00000000bded5dc0,0x00000000be4c0000)
Event: 8,629 GC heap after
Heap after GC invocations=2 (full 0):
 PSYoungGen      total 18432K, used 2594K [0x00000000eb600000, 0x00000000eca90000, 0x0000000100000000)
  eden space 15808K, 0% used [0x00000000eb600000,0x00000000eb600000,0x00000000ec570000)
  from space 2624K, 98% used [0x00000000ec800000,0x00000000eca88850,0x00000000eca90000)
  to   space 2624K, 0% used [0x00000000ec570000,0x00000000ec570000,0x00000000ec800000)
 ParOldGen       total 42240K, used 2428K [0x00000000c2200000, 0x00000000c4b40000, 0x00000000eb600000)
  object space 42240K, 5% used [0x00000000c2200000,0x00000000c245f118,0x00000000c4b40000)
 PSPermGen       total 21248K, used 15191K [0x00000000bd000000, 0x00000000be4c0000, 0x00000000c2200000)
  object space 21248K, 71% used [0x00000000bd000000,0x00000000bded5dc0,0x00000000be4c0000)
}
Event: 10,965 GC heap before
{Heap before GC invocations=3 (full 0):
 PSYoungGen      total 18432K, used 18402K [0x00000000eb600000, 0x00000000eca90000, 0x0000000100000000)
  eden space 15808K, 100% used [0x00000000eb600000,0x00000000ec570000,0x00000000ec570000)
  from space 2624K, 98% used [0x00000000ec800000,0x00000000eca88850,0x00000000eca90000)
  to   space 2624K, 0% used [0x00000000ec570000,0x00000000ec570000,0x00000000ec800000)
 ParOldGen       total 42240K, used 2428K [0x00000000c2200000, 0x00000000c4b40000, 0x00000000eb600000)
  object space 42240K, 5% used [0x00000000c2200000,0x00000000c245f118,0x00000000c4b40000)
 PSPermGen       total 21248K, used 15607K [0x00000000bd000000, 0x00000000be4c0000, 0x00000000c2200000)
  object space 21248K, 73% used [0x00000000bd000000,0x00000000bdf3dff0,0x00000000be4c0000)
Event: 10,993 GC heap after
Heap after GC invocations=3 (full 0):
 PSYoungGen      total 18432K, used 2595K [0x00000000eb600000, 0x00000000eca90000, 0x0000000100000000)
  eden space 15808K, 0% used [0x00000000eb600000,0x00000000eb600000,0x00000000ec570000)
  from space 2624K, 98% used [0x00000000ec570000,0x00000000ec7f8e00,0x00000000ec800000)
  to   space 2624K, 0% used [0x00000000ec800000,0x00000000ec800000,0x00000000eca90000)
 ParOldGen       total 42240K, used 3327K [0x00000000c2200000, 0x00000000c4b40000, 0x00000000eb600000)
  object space 42240K, 7% used [0x00000000c2200000,0x00000000c253ffc8,0x00000000c4b40000)
 PSPermGen       total 21248K, used 15607K [0x00000000bd000000, 0x00000000be4c0000, 0x00000000c2200000)
  object space 21248K, 73% used [0x00000000bd000000,0x00000000bdf3dff0,0x00000000be4c0000)
}

